<?xml version="1.0" encoding="UTF-8"?>
<!-- Generated by org.testng.reporters.JUnitReportReporter -->
<testsuite hostname="Gokulnaths-MacBook-Pro.local" failures="0" tests="6" name="com.test.tests.EndToEndScript" time="35.725" errors="0" timestamp="2022-06-16T14:52:08 CDT" skipped="0">
  <testcase classname="com.test.tests.EndToEndScript" name="TC4_updateUserData" time="8.912"/>
  <system-out/>
  <testcase classname="com.test.tests.EndToEndScript" name="TC5_deleteUserData" time="9.707"/>
  <system-out/>
  <testcase classname="com.test.tests.EndToEndScript" name="TC2_getUserData" time="11.964"/>
  <system-out/>
  <testcase classname="com.test.tests.EndToEndScript" name="TC3_addUserData" time="3.216"/>
  <system-out/>
  <testcase classname="com.test.tests.EndToEndScript" name="TC1_invalidLogin" time="1.699"/>
  <system-out/>
  <testcase classname="com.test.tests.EndToEndScript" name="TC1_validLogin" time="0.227"/>
  <system-out/>
</testsuite> <!-- com.test.tests.EndToEndScript -->
